<?xml version="1.0" encoding="UTF-8"?>
<beans xmlns="http://www.springframework.org/schema/beans"
       xmlns:xsi="http://www.w3.org/2001/XMLSchema-instance"
       xmlns:jdbc="http://www.springframework.org/schema/jdbc"
       xsi:schemaLocation="http://www.springframework.org/schema/beans
       http://www.springframework.org/schema/beans/spring-beans-4.3.xsd
       http://www.springframework.org/schema/jdbc
       http://www.springframework.org/schema/jdbc/spring-jdbc-4.3.xsd ">

    <jdbc:initialize-database data-source="dataSource">
        <jdbc:script location="classpath*:db/sql/create-db.sql"/>
        <jdbc:script location="classpath*:db/sql/insert-data.sql"/>
    </jdbc:initialize-database>

    <bean id="dataSource" class="org.apache.commons.dbcp.BasicDataSource" destroy-method="close">
        <property name="driverClassName" value="org.hsqldb.jdbcDriver" />
        <property name="url" value="jdbc:hsqldb:mem:test;sql.syntax_ora=true" />
        <property name="username" value="sa" />
        <property name="password" value="" />
    </bean>

</beans>
